error: Error status code 404 was captured! status text: Not Found, message: GET method, task with board id fc14e528-90ce-4c2f-9c3c-92b635a0e094 and task id 996711de-e0dd-41df-9822-fc3f0053fd15 was not found
error: Error status code 404 was captured! status text: Not Found, message: GET method, board with 970746d4-7f1d-460b-8a66-2158183d75ef id was not found
error: Error status code 404 was captured! status text: Not Found, message: GET method, task with board id ca53f4be-9eb5-4936-a255-68be6ee51023 and task id 95272cdf-e498-4f99-b456-b84ef1136751 was not found
error: Error status code 404 was captured! status text: Not Found, message: GET method, task with board id ca53f4be-9eb5-4936-a255-68be6ee51023 and task id 29458e3d-2cdb-4fdb-9f6a-c2a5aea81504 was not found
error: Error status code 404 was captured! status text: Not Found, message: GET method, task with board id ca53f4be-9eb5-4936-a255-68be6ee51023 and task id 871dccf6-c258-45ad-80cf-e4a538457e65 was not found
error: Error status code 404 was captured! status text: Not Found, message: GET method, task with board id ca53f4be-9eb5-4936-a255-68be6ee51023 and task id 65baab02-08a7-4297-99ed-0d256e19b3f7 was not found
error: Error status code 404 was captured! status text: Not Found, message: GET method, task with board id ca53f4be-9eb5-4936-a255-68be6ee51023 and task id c5717208-2ee3-4143-a4fd-35982f91d282 was not found
error: Error status code 404 was captured! status text: Not Found, message: GET method, task with board id 75692a63-7813-402e-958e-d1f310926ecc and task id 66f51ccc-e0cb-4922-9ebf-7165ef75574f was not found
error: Error status code 404 was captured! status text: Not Found, message: GET method, board with 6c884388-5939-4e7d-a60e-b33eaed1fdae id was not found
error: Error status code 404 was captured! status text: Not Found, message: GET method, task with board id 27dcb9ae-4ca2-48d1-bd24-4871a19c684d and task id 9ad768c8-719b-4b9b-a8d7-3febcc2d1c0b was not found
error: Error status code 404 was captured! status text: Not Found, message: GET method, task with board id 27dcb9ae-4ca2-48d1-bd24-4871a19c684d and task id 1b68ac81-ff83-4840-a0a7-2fe1d2fcec05 was not found
error: Error status code 404 was captured! status text: Not Found, message: GET method, task with board id 27dcb9ae-4ca2-48d1-bd24-4871a19c684d and task id 35b300cb-f0d5-4b6f-a521-b4855a5ef75d was not found
error: Error status code 404 was captured! status text: Not Found, message: GET method, task with board id 27dcb9ae-4ca2-48d1-bd24-4871a19c684d and task id 88ff9565-cdfe-433e-a0c3-28192c22ed21 was not found
error: Error status code 404 was captured! status text: Not Found, message: GET method, task with board id 27dcb9ae-4ca2-48d1-bd24-4871a19c684d and task id 294c3c84-3ecd-453a-8f74-5bfa48608a80 was not found
error: captured error: Oops! UncaughtException!, point in code: (D:\JS-MARINA\nodejs\nodejs-course\src\server.js:8:9)
error: Unhandled Rejection, reason: Error: Oops! UnhandledRejection
error: Unhandled Rejection, reason: Error: Oops! UnhandledRejection
error: Error status code 404 was captured! status text: Not Found, message: the route was not found
error: Unhandled Rejection, reason: Error: Oops! UnhandledRejection
error: captured error: Oops! UncaughtException!, point in code: (D:\JS-MARINA\nodejs\nodejs-course\src\server.js:8:9)
error: Error status code 400 was captured! status text: Bad Request, message: enter correct uuid for board id
error: Error status code 400 was captured! status text: Bad Request, message: enter correct uuid for board id
error: Error status code 400 was captured! status text: Bad Request, message: enter correct uuid for board id
error: Error status code 400 was captured! status text: Bad Request, message: enter correct uuid for board id
error: Error status code 400 was captured! status text: Bad Request, message: enter correct uuid for board id
error: Error status code 400 was captured! status text: Bad Request, message: enter correct uuid for board id
error: Error status code 400 was captured! status text: Bad Request, message: enter correct uuid for board id
error: Error status code 400 was captured! status text: Bad Request, message: enter correct uuid for board id
error: Error status code 400 was captured! status text: Bad Request, message: enter correct uuid for board id
error: Error status code 400 was captured! status text: Bad Request, message: enter correct uuid for board id
error: Error status code 400 was captured! status text: Bad Request, message: enter correct uuid for board id
error: Error status code 404 was captured! status text: Not Found, message: GET method, task with board id 9ca6b986-5769-443c-9727-91225eb0bfaf and task id 178d49de-13b5-46f0-9f06-b1d90d542c73 was not found
error: Error status code 404 was captured! status text: Not Found, message: GET method, board with 9ca6b986-5769-443c-9727-91225eb0bfaf id was not found
error: Error status code 404 was captured! status text: Not Found, message: GET method, task with board id 98f1f891-e1d4-482e-949e-467ce0a09186 and task id e975f5f9-05cb-4145-9a94-17b0809e80ac was not found
error: Error status code 404 was captured! status text: Not Found, message: GET method, task with board id 98f1f891-e1d4-482e-949e-467ce0a09186 and task id 1fdf9cbf-8356-41a7-a401-c7f293d91088 was not found
error: Error status code 404 was captured! status text: Not Found, message: GET method, task with board id 98f1f891-e1d4-482e-949e-467ce0a09186 and task id 7ea7052e-143b-4fe5-9112-5da4b0fe178b was not found
error: Error status code 404 was captured! status text: Not Found, message: GET method, task with board id 98f1f891-e1d4-482e-949e-467ce0a09186 and task id f90573b3-c1fe-491a-b17c-986879378792 was not found
error: Error status code 404 was captured! status text: Not Found, message: GET method, task with board id 98f1f891-e1d4-482e-949e-467ce0a09186 and task id dbe8f786-c749-4b0a-b9c6-c63a12ae2d28 was not found
error: Error status code 404 was captured! status text: Not Found, message: GET method, task with board id 1c6a8c77-d253-4ad0-a9be-a66ff765163b and task id c3b03668-4c87-4f24-90c5-719198b486d6 was not found
error: Error status code 404 was captured! status text: Not Found, message: GET method, board with 1c6a8c77-d253-4ad0-a9be-a66ff765163b id was not found
error: Error status code 404 was captured! status text: Not Found, message: GET method, task with board id 50ecd8b9-4f50-4942-9b70-0f88f958219e and task id cfb79d6d-0f0f-4683-b829-6e59b623d0e6 was not found
error: Error status code 404 was captured! status text: Not Found, message: GET method, task with board id 50ecd8b9-4f50-4942-9b70-0f88f958219e and task id 9eeb6edb-bbfc-43b4-9ad3-e2b8fb563950 was not found
error: Error status code 404 was captured! status text: Not Found, message: GET method, task with board id 50ecd8b9-4f50-4942-9b70-0f88f958219e and task id cbf9fedf-10f8-44a8-b6fd-10a763a8610b was not found
error: Error status code 404 was captured! status text: Not Found, message: GET method, task with board id 50ecd8b9-4f50-4942-9b70-0f88f958219e and task id 608ffc30-b04d-40ec-8edd-db2b3e764862 was not found
error: Error status code 404 was captured! status text: Not Found, message: GET method, task with board id 50ecd8b9-4f50-4942-9b70-0f88f958219e and task id 5e38e777-5e9a-4d17-8133-604e2134a6c8 was not found
error: Error status code 400 was captured! status text: Bad Request, message: enter correct uuid for board id
error: Error status code 400 was captured! status text: Bad Request, message: enter correct uuid for board id
error: Error status code 404 was captured! status text: Not Found, message: GET method, task with board id 49890de0-130d-4c6b-ac3c-18a7d840df63 and task id 2428b036-da85-4cbb-8ef6-09b094c79456 was not found
error: Error status code 404 was captured! status text: Not Found, message: GET method, board with 49890de0-130d-4c6b-ac3c-18a7d840df63 id was not found
error: Error status code 404 was captured! status text: Not Found, message: GET method, task with board id 3618b734-1c31-47c4-9d65-b70bc854fa20 and task id 9e3bd76a-cef1-41c5-9229-a269d36c2502 was not found
error: Error status code 404 was captured! status text: Not Found, message: GET method, task with board id 3618b734-1c31-47c4-9d65-b70bc854fa20 and task id 7ebd1f2c-fa62-4735-8b3f-6cd893090eb8 was not found
error: Error status code 404 was captured! status text: Not Found, message: GET method, task with board id 3618b734-1c31-47c4-9d65-b70bc854fa20 and task id 12ca7df9-3b48-4416-9502-975285137d9a was not found
error: Error status code 404 was captured! status text: Not Found, message: GET method, task with board id 3618b734-1c31-47c4-9d65-b70bc854fa20 and task id b58c8385-5836-4510-afd6-1828dbe7f3e1 was not found
error: Error status code 404 was captured! status text: Not Found, message: GET method, task with board id 3618b734-1c31-47c4-9d65-b70bc854fa20 and task id 6c7011f6-24b1-4110-8ca0-15e5045ffd5e was not found
error: Unhandled Rejection, reason: Error: Oops! UnhandledRejection
error: captured error: Oops! UncaughtException!, point in code: (D:\JS-MARINA\nodejs\nodejs-course\src\server.js:8:9)
error: Unhandled Rejection, reason: Error: Oops! UnhandledRejection
